<?xml version="1.0" encoding="UTF-8"?>
<!-- Generated by org.testng.reporters.JUnitReportReporter -->
<testsuite name="com.cocoin.testcases.TC001_LunachApp" tests="1" time="13.532" ignored="0" failures="0" timestamp="25 May 2018 06:08:00 GMT" skipped="0" hostname="DESKTOP-QBEO8F3" errors="0">
  <testcase name="verifyLaunchApp" time="13.532" classname="com.cocoin.testcases.TC001_LunachApp"/>
</testsuite> <!-- com.cocoin.testcases.TC001_LunachApp -->
