<?xml version="1.0" encoding="UTF-8"?>
<!-- Generated by org.testng.reporters.JUnitReportReporter -->
<testsuite name="com.cocoin.testcases.TC003_AddExpense" tests="1" time="35.993" ignored="0" failures="0" timestamp="25 May 2018 07:32:22 GMT" skipped="0" hostname="DESKTOP-QBEO8F3" errors="0">
  <testcase name="verifyLaunchApp" time="35.993" classname="com.cocoin.testcases.TC003_AddExpense"/>
</testsuite> <!-- com.cocoin.testcases.TC003_AddExpense -->
